#
# There is insufficient memory for the Java Runtime Environment to continue.
# Native memory allocation (malloc) failed to allocate 836336 bytes for Chunk::new
# Possible reasons:
#   The system is out of physical RAM or swap space
#   The process is running with CompressedOops enabled, and the Java Heap may be blocking the growth of the native heap
# Possible solutions:
#   Reduce memory load on the system
#   Increase physical memory or swap space
#   Check if swap backing store is full
#   Decrease Java heap size (-Xmx/-Xms)
#   Decrease number of Java threads
#   Decrease Java thread stack sizes (-Xss)
#   Set larger code cache with -XX:ReservedCodeCacheSize=
#   JVM is running with Zero Based Compressed Oops mode in which the Java heap is
#     placed in the first 32GB address space. The Java Heap base address is the
#     maximum limit for the native heap growth. Please use -XX:HeapBaseMinAddress
#     to set the Java Heap base and to place the Java Heap above 32GB virtual address.
# This output file may be truncated or incomplete.
#
#  Out of Memory Error (arena.cpp:189), pid=29040, tid=30592
#
# JRE version: Java(TM) SE Runtime Environment (17.0.12+8) (build 17.0.12+8-LTS-286)
# Java VM: Java HotSpot(TM) 64-Bit Server VM (17.0.12+8-LTS-286, mixed mode, sharing, tiered, compressed oops, compressed class ptrs, g1 gc, windows-amd64)
# No core dump will be written. Minidumps are not enabled by default on client versions of Windows
#

---------------  S U M M A R Y ------------

Command Line: -Dcom.sun.management.jmxremote -Dcom.sun.management.jmxremote.port=55907 -Dcom.sun.management.jmxremote.authenticate=false -Dcom.sun.management.jmxremote.ssl=false -Dspring.jmx.enabled=true -Djava.rmi.server.hostname=localhost -Dspring.application.admin.enabled=true -Dspring.boot.project.name=preoperational -XX:+ShowCodeDetailsInExceptionMessages -Dmanagement.endpoints.jmx.exposure.include=* com.frimac.preoperational.PreoperationalApplication

Host: 12th Gen Intel(R) Core(TM) i5-12450H, 12 cores, 15G,  Windows 11 , 64 bit Build 26100 (10.0.26100.3323)
Time: Wed Mar 19 10:03:37 2025 Hora est. Pacífico, Sudamérica elapsed time: 104.444669 seconds (0d 0h 1m 44s)

---------------  T H R E A D  ---------------

Current thread (0x000002c395b99d20):  JavaThread "C2 CompilerThread0" daemon [_thread_in_native, id=30592, stack(0x000000fbbfa00000,0x000000fbbfb00000)]


Current CompileTask:
C2: 104445 13290       4       com.sun.management.internal.DiagnosticCommandImpl::commandDescriptor (423 bytes)

Stack: [0x000000fbbfa00000,0x000000fbbfb00000]
Native frames: (J=compiled Java code, j=interpreted, Vv=VM code, C=native code)
V  [jvm.dll+0x67a04a]
V  [jvm.dll+0x7da4ed]
V  [jvm.dll+0x7dbe33]
V  [jvm.dll+0x7dc4a3]
V  [jvm.dll+0x24508f]
V  [jvm.dll+0xab773]
V  [jvm.dll+0xabd3c]
V  [jvm.dll+0x2aa52f]
V  [jvm.dll+0x581eb9]
V  [jvm.dll+0x21f422]
V  [jvm.dll+0x2184c2]
V  [jvm.dll+0x215b65]
V  [jvm.dll+0x1a2960]
V  [jvm.dll+0x22610b]
V  [jvm.dll+0x2242ab]
V  [jvm.dll+0x79075c]
V  [jvm.dll+0x78abea]
V  [jvm.dll+0x678f35]
C  [ucrtbase.dll+0x37b0]
C  [KERNEL32.DLL+0x2e8d7]
C  [ntdll.dll+0xbbf6c]


---------------  P R O C E S S  ---------------

Threads class SMR info:
_java_thread_list=0x000002c3ddd383b0, length=38, elements={
0x000002c395a3a5b0, 0x000002c395a3b170, 0x000002c395b953d0, 0x000002c395b97cb0,
0x000002c395b98670, 0x000002c395b99030, 0x000002c395b99d20, 0x000002c395b9a7d0,
0x000002c395b9b5e0, 0x000002c395cb76f0, 0x000002c395d38040, 0x000002c3db3dbeb0,
0x000002c3db3d5320, 0x000002c3db3ec6c0, 0x000002c3dbd10190, 0x000002c3dbd12a10,
0x000002c3dbd0f260, 0x000002c3dbd0fc80, 0x000002c3dbd10bb0, 0x000002c3dbd115d0,
0x000002c3dbd11ff0, 0x000002c3dffd5ff0, 0x000002c3dffd9290, 0x000002c3dffd8d80,
0x000002c3dffd6a10, 0x000002c3dffd8360, 0x000002c3dffd6f20, 0x000002c3dffd6500,
0x000002c3dffd8870, 0x000002c3dffd97a0, 0x000002c3dffdabe0, 0x000002c3dffda1c0,
0x000002c3dffda6d0, 0x000002c3dffdb0f0, 0x000002c3dffd7940, 0x000002c3dffdb600,
0x000002c3dffd7e50, 0x000002c3dbd0f770
}

Java Threads: ( => current thread )
  0x000002c395a3a5b0 JavaThread "Reference Handler" daemon [_thread_blocked, id=21720, stack(0x000000fbbf400000,0x000000fbbf500000)]
  0x000002c395a3b170 JavaThread "Finalizer" daemon [_thread_blocked, id=28764, stack(0x000000fbbf500000,0x000000fbbf600000)]
  0x000002c395b953d0 JavaThread "Signal Dispatcher" daemon [_thread_blocked, id=26600, stack(0x000000fbbf600000,0x000000fbbf700000)]
  0x000002c395b97cb0 JavaThread "Attach Listener" daemon [_thread_blocked, id=25680, stack(0x000000fbbf700000,0x000000fbbf800000)]
  0x000002c395b98670 JavaThread "Service Thread" daemon [_thread_blocked, id=8764, stack(0x000000fbbf800000,0x000000fbbf900000)]
  0x000002c395b99030 JavaThread "Monitor Deflation Thread" daemon [_thread_blocked, id=26764, stack(0x000000fbbf900000,0x000000fbbfa00000)]
=>0x000002c395b99d20 JavaThread "C2 CompilerThread0" daemon [_thread_in_native, id=30592, stack(0x000000fbbfa00000,0x000000fbbfb00000)]
  0x000002c395b9a7d0 JavaThread "C1 CompilerThread0" daemon [_thread_blocked, id=16584, stack(0x000000fbbfb00000,0x000000fbbfc00000)]
  0x000002c395b9b5e0 JavaThread "Sweeper thread" daemon [_thread_blocked, id=3652, stack(0x000000fbbfc00000,0x000000fbbfd00000)]
  0x000002c395cb76f0 JavaThread "Common-Cleaner" daemon [_thread_blocked, id=17296, stack(0x000000fbbfd00000,0x000000fbbfe00000)]
  0x000002c395d38040 JavaThread "Notification Thread" daemon [_thread_blocked, id=14656, stack(0x000000fbbff00000,0x000000fbc0000000)]
  0x000002c3db3dbeb0 JavaThread "RMI TCP Accept-0" daemon [_thread_in_native, id=2936, stack(0x000000fbc0000000,0x000000fbc0100000)]
  0x000002c3db3d5320 JavaThread "RMI TCP Accept-55907" daemon [_thread_in_native, id=27812, stack(0x000000fbc0100000,0x000000fbc0200000)]
  0x000002c3db3ec6c0 JavaThread "RMI TCP Accept-0" daemon [_thread_in_native, id=29024, stack(0x000000fbc0200000,0x000000fbc0300000)]
  0x000002c3dbd10190 JavaThread "RMI Scheduler(0)" daemon [_thread_blocked, id=15436, stack(0x000000fbc1000000,0x000000fbc1100000)]
  0x000002c3dbd12a10 JavaThread "RMI TCP Connection(2)-127.0.0.1" daemon [_thread_in_native, id=21208, stack(0x000000fbc1100000,0x000000fbc1200000)]
  0x000002c3dbd0f260 JavaThread "JMX server connection timeout 25" daemon [_thread_blocked, id=29964, stack(0x000000fbc1200000,0x000000fbc1300000)]
  0x000002c3dbd0fc80 JavaThread "Catalina-utility-1" [_thread_blocked, id=27200, stack(0x000000fbc1500000,0x000000fbc1600000)]
  0x000002c3dbd10bb0 JavaThread "Catalina-utility-2" [_thread_blocked, id=12740, stack(0x000000fbc1900000,0x000000fbc1a00000)]
  0x000002c3dbd115d0 JavaThread "container-0" [_thread_blocked, id=7788, stack(0x000000fbc1a00000,0x000000fbc1b00000)]
  0x000002c3dbd11ff0 JavaThread "mysql-cj-abandoned-connection-cleanup" daemon [_thread_blocked, id=18644, stack(0x000000fbc1b00000,0x000000fbc1c00000)]
  0x000002c3dffd5ff0 JavaThread "HikariPool-1 housekeeper" daemon [_thread_blocked, id=27748, stack(0x000000fbc1d00000,0x000000fbc1e00000)]
  0x000002c3dffd9290 JavaThread "File Watcher" daemon [_thread_blocked, id=30240, stack(0x000000fbc1f00000,0x000000fbc2000000)]
  0x000002c3dffd8d80 JavaThread "Live Reload Server" daemon [_thread_in_native, id=15772, stack(0x000000fbc2100000,0x000000fbc2200000)]
  0x000002c3dffd6a10 JavaThread "http-nio-8080-exec-1" daemon [_thread_blocked, id=4496, stack(0x000000fbc2000000,0x000000fbc2100000)]
  0x000002c3dffd8360 JavaThread "http-nio-8080-exec-2" daemon [_thread_blocked, id=16936, stack(0x000000fbc2200000,0x000000fbc2300000)]
  0x000002c3dffd6f20 JavaThread "http-nio-8080-exec-3" daemon [_thread_blocked, id=23412, stack(0x000000fbc2300000,0x000000fbc2400000)]
  0x000002c3dffd6500 JavaThread "http-nio-8080-exec-4" daemon [_thread_blocked, id=16276, stack(0x000000fbc2400000,0x000000fbc2500000)]
  0x000002c3dffd8870 JavaThread "http-nio-8080-exec-5" daemon [_thread_blocked, id=24216, stack(0x000000fbc2500000,0x000000fbc2600000)]
  0x000002c3dffd97a0 JavaThread "http-nio-8080-exec-6" daemon [_thread_blocked, id=2348, stack(0x000000fbc2600000,0x000000fbc2700000)]
  0x000002c3dffdabe0 JavaThread "http-nio-8080-exec-7" daemon [_thread_blocked, id=16840, stack(0x000000fbc2700000,0x000000fbc2800000)]
  0x000002c3dffda1c0 JavaThread "http-nio-8080-exec-8" daemon [_thread_blocked, id=30476, stack(0x000000fbc2800000,0x000000fbc2900000)]
  0x000002c3dffda6d0 JavaThread "http-nio-8080-exec-9" daemon [_thread_blocked, id=16100, stack(0x000000fbc2900000,0x000000fbc2a00000)]
  0x000002c3dffdb0f0 JavaThread "http-nio-8080-exec-10" daemon [_thread_blocked, id=28900, stack(0x000000fbc2a00000,0x000000fbc2b00000)]
  0x000002c3dffd7940 JavaThread "http-nio-8080-Poller" daemon [_thread_in_native, id=29288, stack(0x000000fbc2b00000,0x000000fbc2c00000)]
  0x000002c3dffdb600 JavaThread "http-nio-8080-Acceptor" daemon [_thread_in_native, id=23792, stack(0x000000fbc2c00000,0x000000fbc2d00000)]
  0x000002c3dffd7e50 JavaThread "DestroyJavaVM" [_thread_blocked, id=27272, stack(0x000000fbbed00000,0x000000fbbee00000)]
  0x000002c3dbd0f770 JavaThread "RMI TCP Connection(3)-127.0.0.1" daemon [_thread_in_native, id=11064, stack(0x000000fbbea00000,0x000000fbbeb00000)]

Other Threads:
  0x000002c395a36710 VMThread "VM Thread" [stack: 0x000000fbbf300000,0x000000fbbf400000] [id=29888]
  0x000002c3f2243630 WatcherThread [stack: 0x000000fbc0300000,0x000000fbc0400000] [id=14288]
  0x000002c3f2218560 GCTaskThread "GC Thread#0" [stack: 0x000000fbbee00000,0x000000fbbef00000] [id=4024]
  0x000002c3dbe8df90 GCTaskThread "GC Thread#1" [stack: 0x000000fbc0400000,0x000000fbc0500000] [id=20076]
  0x000002c3dbe8e250 GCTaskThread "GC Thread#2" [stack: 0x000000fbc0500000,0x000000fbc0600000] [id=14344]
  0x000002c3dbe46010 GCTaskThread "GC Thread#3" [stack: 0x000000fbc0600000,0x000000fbc0700000] [id=11204]
  0x000002c3dbe462d0 GCTaskThread "GC Thread#4" [stack: 0x000000fbc0700000,0x000000fbc0800000] [id=26320]
  0x000002c3dbe46590 GCTaskThread "GC Thread#5" [stack: 0x000000fbc0800000,0x000000fbc0900000] [id=24132]
  0x000002c3db632bf0 GCTaskThread "GC Thread#6" [stack: 0x000000fbc0900000,0x000000fbc0a00000] [id=5240]
  0x000002c3dbd1ced0 GCTaskThread "GC Thread#7" [stack: 0x000000fbc0a00000,0x000000fbc0b00000] [id=8852]
  0x000002c3dc448830 GCTaskThread "GC Thread#8" [stack: 0x000000fbc1300000,0x000000fbc1400000] [id=23468]
  0x000002c3dbfc50d0 GCTaskThread "GC Thread#9" [stack: 0x000000fbc1400000,0x000000fbc1500000] [id=23708]
  0x000002c3f2229c40 ConcurrentGCThread "G1 Main Marker" [stack: 0x000000fbbef00000,0x000000fbbf000000] [id=29220]
  0x000002c3f222a650 ConcurrentGCThread "G1 Conc#0" [stack: 0x000000fbbf000000,0x000000fbbf100000] [id=30600]
  0x000002c3dc67bf20 ConcurrentGCThread "G1 Conc#1" [stack: 0x000000fbc1700000,0x000000fbc1800000] [id=10704]
  0x000002c3dc722f30 ConcurrentGCThread "G1 Conc#2" [stack: 0x000000fbc1800000,0x000000fbc1900000] [id=17388]
  0x000002c3f225e400 ConcurrentGCThread "G1 Refine#0" [stack: 0x000000fbbf100000,0x000000fbbf200000] [id=24252]
  0x000002c3dbdd9650 ConcurrentGCThread "G1 Refine#1" [stack: 0x000000fbc0b00000,0x000000fbc0c00000] [id=30324]
  0x000002c3dbfd45b0 ConcurrentGCThread "G1 Refine#2" [stack: 0x000000fbc0c00000,0x000000fbc0d00000] [id=29328]
  0x000002c3958e1550 ConcurrentGCThread "G1 Service" [stack: 0x000000fbbf200000,0x000000fbbf300000] [id=7424]

Threads with active compile tasks:
C2 CompilerThread0   104473 13290       4       com.sun.management.internal.DiagnosticCommandImpl::commandDescriptor (423 bytes)

VM state: not at safepoint (normal execution)

VM Mutex/Monitor currently owned by a thread: None

Heap address: 0x0000000705400000, size: 4012 MB, Compressed Oops mode: Zero based, Oop shift amount: 3

CDS archive(s) mapped at: [0x000002c396000000-0x000002c396bd0000-0x000002c396bd0000), size 12386304, SharedBaseAddress: 0x000002c396000000, ArchiveRelocationMode: 1.
Compressed class space mapped at: 0x000002c397000000-0x000002c3d7000000, reserved size: 1073741824
Narrow klass base: 0x000002c396000000, Narrow klass shift: 0, Narrow klass range: 0x100000000

GC Precious Log:
 CPUs: 12 total, 12 available
 Memory: 16042M
 Large Page Support: Disabled
 NUMA Support: Disabled
 Compressed Oops: Enabled (Zero based)
 Heap Region Size: 2M
 Heap Min Capacity: 8M
 Heap Initial Capacity: 252M
 Heap Max Capacity: 4012M
 Pre-touch: Disabled
 Parallel Workers: 10
 Concurrent Workers: 3
 Concurrent Refinement Workers: 10
 Periodic GC: Disabled

Heap:
 garbage-first heap   total 116736K, used 87254K [0x0000000705400000, 0x0000000800000000)
  region size 2048K, 23 young (47104K), 1 survivors (2048K)
 Metaspace       used 91178K, committed 91904K, reserved 1179648K
  class space    used 12116K, committed 12480K, reserved 1048576K

Heap Regions: E=young(eden), S=young(survivor), O=old, HS=humongous(starts), HC=humongous(continues), CS=collection set, F=free, OA=open archive, CA=closed archive, TAMS=top-at-mark-start (previous, next)
|   0|0x0000000705400000, 0x0000000705600000, 0x0000000705600000|100%| O|  |TAMS 0x0000000705600000, 0x0000000705400000| Untracked 
|   1|0x0000000705600000, 0x0000000705800000, 0x0000000705800000|100%| O|  |TAMS 0x0000000705800000, 0x0000000705600000| Untracked 
|   2|0x0000000705800000, 0x0000000705a00000, 0x0000000705a00000|100%| O|  |TAMS 0x0000000705a00000, 0x0000000705800000| Untracked 
|   3|0x0000000705a00000, 0x0000000705c00000, 0x0000000705c00000|100%| O|  |TAMS 0x0000000705c00000, 0x0000000705a00000| Untracked 
|   4|0x0000000705c00000, 0x0000000705e00000, 0x0000000705e00000|100%| O|  |TAMS 0x0000000705e00000, 0x0000000705c00000| Untracked 
|   5|0x0000000705e00000, 0x0000000706000000, 0x0000000706000000|100%| O|  |TAMS 0x0000000706000000, 0x0000000705e00000| Untracked 
|   6|0x0000000706000000, 0x0000000706200000, 0x0000000706200000|100%| O|  |TAMS 0x0000000706200000, 0x0000000706000000| Untracked 
|   7|0x0000000706200000, 0x0000000706400000, 0x0000000706400000|100%| O|  |TAMS 0x0000000706400000, 0x0000000706200000| Untracked 
|   8|0x0000000706400000, 0x0000000706600000, 0x0000000706600000|100%| O|  |TAMS 0x0000000706600000, 0x0000000706400000| Untracked 
|   9|0x0000000706600000, 0x0000000706800000, 0x0000000706800000|100%| O|  |TAMS 0x0000000706800000, 0x0000000706600000| Untracked 
|  10|0x0000000706800000, 0x0000000706a00000, 0x0000000706a00000|100%| O|  |TAMS 0x0000000706800000, 0x0000000706800000| Untracked 
|  11|0x0000000706a00000, 0x0000000706c00000, 0x0000000706c00000|100%| O|  |TAMS 0x0000000706a00000, 0x0000000706a00000| Untracked 
|  12|0x0000000706c00000, 0x0000000706e00000, 0x0000000706e00000|100%| O|  |TAMS 0x0000000706e00000, 0x0000000706c00000| Untracked 
|  13|0x0000000706e00000, 0x0000000707000000, 0x0000000707000000|100%| O|  |TAMS 0x0000000706e00000, 0x0000000706e00000| Untracked 
|  14|0x0000000707000000, 0x0000000707200000, 0x0000000707200000|100%| O|  |TAMS 0x0000000707000000, 0x0000000707000000| Untracked 
|  15|0x0000000707200000, 0x0000000707400000, 0x0000000707400000|100%| O|  |TAMS 0x0000000707200000, 0x0000000707200000| Untracked 
|  16|0x0000000707400000, 0x0000000707600000, 0x0000000707600000|100%| O|  |TAMS 0x0000000707400000, 0x0000000707400000| Untracked 
|  17|0x0000000707600000, 0x0000000707800000, 0x0000000707800000|100%| O|  |TAMS 0x0000000707600000, 0x0000000707600000| Untracked 
|  18|0x0000000707800000, 0x0000000707a00000, 0x0000000707a00000|100%| O|  |TAMS 0x0000000707800000, 0x0000000707800000| Untracked 
|  19|0x0000000707a00000, 0x0000000707c00000, 0x0000000707c00000|100%| O|  |TAMS 0x0000000707a00000, 0x0000000707a00000| Untracked 
|  20|0x0000000707c00000, 0x0000000707e00000, 0x0000000707e00000|100%| O|  |TAMS 0x0000000707c00000, 0x0000000707c00000| Untracked 
|  21|0x0000000707e00000, 0x0000000707f13400, 0x0000000708000000| 53%| O|  |TAMS 0x0000000707e00000, 0x0000000707e00000| Untracked 
|  22|0x0000000708000000, 0x0000000708000000, 0x0000000708200000|  0%| F|  |TAMS 0x0000000708000000, 0x0000000708000000| Untracked 
|  23|0x0000000708200000, 0x0000000708200000, 0x0000000708400000|  0%| F|  |TAMS 0x0000000708200000, 0x0000000708200000| Untracked 
|  24|0x0000000708400000, 0x0000000708400000, 0x0000000708600000|  0%| F|  |TAMS 0x0000000708400000, 0x0000000708400000| Untracked 
|  25|0x0000000708600000, 0x0000000708600000, 0x0000000708800000|  0%| F|  |TAMS 0x0000000708600000, 0x0000000708600000| Untracked 
|  26|0x0000000708800000, 0x0000000708800000, 0x0000000708a00000|  0%| F|  |TAMS 0x0000000708800000, 0x0000000708800000| Untracked 
|  27|0x0000000708a00000, 0x0000000708a00000, 0x0000000708c00000|  0%| F|  |TAMS 0x0000000708a00000, 0x0000000708a00000| Untracked 
|  28|0x0000000708c00000, 0x0000000708c225d8, 0x0000000708e00000|  6%| S|CS|TAMS 0x0000000708c00000, 0x0000000708c00000| Complete 
|  29|0x0000000708e00000, 0x0000000708e00000, 0x0000000709000000|  0%| F|  |TAMS 0x0000000708e00000, 0x0000000708e00000| Untracked 
|  30|0x0000000709000000, 0x0000000709000000, 0x0000000709200000|  0%| F|  |TAMS 0x0000000709000000, 0x0000000709000000| Untracked 
|  31|0x0000000709200000, 0x0000000709200000, 0x0000000709400000|  0%| F|  |TAMS 0x0000000709200000, 0x0000000709200000| Untracked 
|  32|0x0000000709400000, 0x0000000709400000, 0x0000000709600000|  0%| F|  |TAMS 0x0000000709400000, 0x0000000709400000| Untracked 
|  33|0x0000000709600000, 0x0000000709600000, 0x0000000709800000|  0%| F|  |TAMS 0x0000000709600000, 0x0000000709600000| Untracked 
|  34|0x0000000709800000, 0x0000000709800000, 0x0000000709a00000|  0%| F|  |TAMS 0x0000000709800000, 0x0000000709800000| Untracked 
|  35|0x0000000709a00000, 0x0000000709a417c8, 0x0000000709c00000| 12%| E|  |TAMS 0x0000000709a00000, 0x0000000709a00000| Complete 
|  36|0x0000000709c00000, 0x0000000709e00000, 0x0000000709e00000|100%| E|CS|TAMS 0x0000000709c00000, 0x0000000709c00000| Complete 
|  37|0x0000000709e00000, 0x000000070a000000, 0x000000070a000000|100%| E|CS|TAMS 0x0000000709e00000, 0x0000000709e00000| Complete 
|  38|0x000000070a000000, 0x000000070a200000, 0x000000070a200000|100%| E|CS|TAMS 0x000000070a000000, 0x000000070a000000| Complete 
|  39|0x000000070a200000, 0x000000070a400000, 0x000000070a400000|100%| E|CS|TAMS 0x000000070a200000, 0x000000070a200000| Complete 
|  40|0x000000070a400000, 0x000000070a600000, 0x000000070a600000|100%| E|CS|TAMS 0x000000070a400000, 0x000000070a400000| Complete 
|  41|0x000000070a600000, 0x000000070a800000, 0x000000070a800000|100%| E|CS|TAMS 0x000000070a600000, 0x000000070a600000| Complete 
|  42|0x000000070a800000, 0x000000070aa00000, 0x000000070aa00000|100%| E|CS|TAMS 0x000000070a800000, 0x000000070a800000| Complete 
|  43|0x000000070aa00000, 0x000000070ac00000, 0x000000070ac00000|100%| E|CS|TAMS 0x000000070aa00000, 0x000000070aa00000| Complete 
|  44|0x000000070ac00000, 0x000000070ae00000, 0x000000070ae00000|100%| E|CS|TAMS 0x000000070ac00000, 0x000000070ac00000| Complete 
|  45|0x000000070ae00000, 0x000000070b000000, 0x000000070b000000|100%| E|CS|TAMS 0x000000070ae00000, 0x000000070ae00000| Complete 
|  46|0x000000070b000000, 0x000000070b200000, 0x000000070b200000|100%| E|CS|TAMS 0x000000070b000000, 0x000000070b000000| Complete 
|  47|0x000000070b200000, 0x000000070b400000, 0x000000070b400000|100%| E|CS|TAMS 0x000000070b200000, 0x000000070b200000| Complete 
|  48|0x000000070b400000, 0x000000070b600000, 0x000000070b600000|100%| E|CS|TAMS 0x000000070b400000, 0x000000070b400000| Complete 
|  49|0x000000070b600000, 0x000000070b800000, 0x000000070b800000|100%| E|CS|TAMS 0x000000070b600000, 0x000000070b600000| Complete 
|  50|0x000000070b800000, 0x000000070ba00000, 0x000000070ba00000|100%| E|CS|TAMS 0x000000070b800000, 0x000000070b800000| Complete 
|  51|0x000000070ba00000, 0x000000070bc00000, 0x000000070bc00000|100%| E|CS|TAMS 0x000000070ba00000, 0x000000070ba00000| Complete 
|  66|0x000000070d800000, 0x000000070da00000, 0x000000070da00000|100%| E|CS|TAMS 0x000000070d800000, 0x000000070d800000| Complete 
|  67|0x000000070da00000, 0x000000070dc00000, 0x000000070dc00000|100%| E|CS|TAMS 0x000000070da00000, 0x000000070da00000| Complete 
|  68|0x000000070dc00000, 0x000000070de00000, 0x000000070de00000|100%| E|CS|TAMS 0x000000070dc00000, 0x000000070dc00000| Complete 
|  69|0x000000070de00000, 0x000000070e000000, 0x000000070e000000|100%| E|CS|TAMS 0x000000070de00000, 0x000000070de00000| Complete 
| 125|0x0000000714e00000, 0x0000000715000000, 0x0000000715000000|100%| E|CS|TAMS 0x0000000714e00000, 0x0000000714e00000| Complete 

Card table byte_map: [0x000002c3faf00000,0x000002c3fb6e0000] _byte_map_base: 0x000002c3f76d6000

Marking Bits (Prev, Next): (CMBitMap*) 0x000002c3f2218bc0, (CMBitMap*) 0x000002c3f2218b80
 Prev Bits: [0x000002c38f000000, 0x000002c392eb0000)
 Next Bits: [0x000002c3fbec0000, 0x000002c3ffd70000)

Polling page: 0x000002c3f0990000

Metaspace:

Usage:
  Non-class:     77.21 MB used.
      Class:     11.83 MB used.
       Both:     89.04 MB used.

Virtual space:
  Non-class space:      128.00 MB reserved,      77.56 MB ( 61%) committed,  2 nodes.
      Class space:        1.00 GB reserved,      12.19 MB (  1%) committed,  1 nodes.
             Both:        1.12 GB reserved,      89.75 MB (  8%) committed. 

Chunk freelists:
   Non-Class:  2.07 MB
       Class:  3.79 MB
        Both:  5.86 MB

MaxMetaspaceSize: unlimited
CompressedClassSpaceSize: 1.00 GB
Initial GC threshold: 21.00 MB
Current GC threshold: 98.44 MB
CDS: on
MetaspaceReclaimPolicy: balanced
 - commit_granule_bytes: 65536.
 - commit_granule_words: 8192.
 - virtual_space_node_default_size: 8388608.
 - enlarge_chunks_in_place: 1.
 - new_chunks_are_fully_committed: 0.
 - uncommit_free_chunks: 1.
 - use_allocation_guard: 0.
 - handle_deallocations: 1.


Internal statistics:

num_allocs_failed_limit: 9.
num_arena_births: 1190.
num_arena_deaths: 0.
num_vsnodes_births: 3.
num_vsnodes_deaths: 0.
num_space_committed: 1434.
num_space_uncommitted: 0.
num_chunks_returned_to_freelist: 9.
num_chunks_taken_from_freelist: 4534.
num_chunk_merges: 6.
num_chunk_splits: 3161.
num_chunks_enlarged: 2355.
num_inconsistent_stats: 0.

CodeHeap 'non-profiled nmethods': size=120000Kb used=10857Kb max_used=10857Kb free=109142Kb
 bounds [0x000002c387ad0000, 0x000002c388570000, 0x000002c38f000000]
CodeHeap 'profiled nmethods': size=120000Kb used=19226Kb max_used=21362Kb free=100774Kb
 bounds [0x000002c380000000, 0x000002c3814e0000, 0x000002c387530000]
CodeHeap 'non-nmethods': size=5760Kb used=1404Kb max_used=1470Kb free=4356Kb
 bounds [0x000002c387530000, 0x000002c3877a0000, 0x000002c387ad0000]
 total_blobs=11360 nmethods=10617 adapters=654
 compilation: enabled
              stopped_count=0, restarted_count=0
 full_count=0

Compilation events (20 events):
Event: 100.329 Thread 0x000002c395b9a7d0 nmethod 13281 0x000002c38095d690 code [0x000002c38095d880, 0x000002c38095de68]
Event: 100.329 Thread 0x000002c395b9a7d0 13282       3       jdk.jfr.internal.dcmd.DCmdStart::<init> (5 bytes)
Event: 100.330 Thread 0x000002c395b9a7d0 nmethod 13282 0x000002c380f9c710 code [0x000002c380f9c900, 0x000002c380f9cee8]
Event: 100.330 Thread 0x000002c395b9a7d0 13283       3       jdk.jfr.internal.dcmd.DCmdDump::<init> (5 bytes)
Event: 100.331 Thread 0x000002c395b9a7d0 nmethod 13283 0x000002c381141e90 code [0x000002c381142080, 0x000002c381142668]
Event: 100.332 Thread 0x000002c395b99d20 13284       4       java.util.stream.ReferencePipeline::toArray (18 bytes)
Event: 100.336 Thread 0x000002c395b9a7d0 13286       3       com.fasterxml.jackson.databind.deser.std.UntypedObjectDeserializerNR::_deserializeFP (62 bytes)
Event: 100.336 Thread 0x000002c395b9a7d0 nmethod 13286 0x000002c380cf6310 code [0x000002c380cf6580, 0x000002c380cf7178]
Event: 100.336 Thread 0x000002c395b9a7d0 13287       3       com.fasterxml.jackson.databind.util.TokenBuffer$Parser::getNumberValue (6 bytes)
Event: 100.336 Thread 0x000002c395b9a7d0 nmethod 13287 0x000002c3809ab790 code [0x000002c3809ab920, 0x000002c3809aba68]
Event: 100.336 Thread 0x000002c395b9a7d0 13288       3       com.fasterxml.jackson.databind.util.TokenBuffer$Parser::getNumberValue (197 bytes)
Event: 100.337 Thread 0x000002c395b9a7d0 nmethod 13288 0x000002c38102d710 code [0x000002c38102dc00, 0x000002c381030358]
Event: 100.340 Thread 0x000002c395b9a7d0 13289       3       java.io.ObjectOutputStream$HandleTable::growSpine (67 bytes)
Event: 100.340 Thread 0x000002c395b9a7d0 nmethod 13289 0x000002c380538410 code [0x000002c3805385e0, 0x000002c380538998]
Event: 100.356 Thread 0x000002c395b99d20 nmethod 13284 0x000002c388566e90 code [0x000002c388567120, 0x000002c388568468]
Event: 100.356 Thread 0x000002c395b99d20 13285       4       java.util.stream.AbstractPipeline::evaluate (44 bytes)
Event: 100.365 Thread 0x000002c395b99d20 nmethod 13285 0x000002c388569510 code [0x000002c388569720, 0x000002c388569e28]
Event: 100.365 Thread 0x000002c395b99d20 13290       4       com.sun.management.internal.DiagnosticCommandImpl::commandDescriptor (423 bytes)
Event: 103.637 Thread 0x000002c395b9a7d0 13291   !   3       java.text.SimpleDateFormat::zeroPaddingNumber (270 bytes)
Event: 103.639 Thread 0x000002c395b9a7d0 nmethod 13291 0x000002c3811fcf90 code [0x000002c3811fd340, 0x000002c3811fef18]

GC Heap History (20 events):
Event: 63.580 GC heap before
{Heap before GC invocations=35 (full 0):
 garbage-first heap   total 116736K, used 97356K [0x0000000705400000, 0x0000000800000000)
  region size 2048K, 28 young (57344K), 2 survivors (4096K)
 Metaspace       used 91016K, committed 91776K, reserved 1179648K
  class space    used 12116K, committed 12480K, reserved 1048576K
}
Event: 63.583 GC heap after
{Heap after GC invocations=36 (full 0):
 garbage-first heap   total 116736K, used 44120K [0x0000000705400000, 0x0000000800000000)
  region size 2048K, 2 young (4096K), 2 survivors (4096K)
 Metaspace       used 91016K, committed 91776K, reserved 1179648K
  class space    used 12116K, committed 12480K, reserved 1048576K
}
Event: 64.930 GC heap before
{Heap before GC invocations=36 (full 0):
 garbage-first heap   total 116736K, used 97368K [0x0000000705400000, 0x0000000800000000)
  region size 2048K, 28 young (57344K), 2 survivors (4096K)
 Metaspace       used 91024K, committed 91776K, reserved 1179648K
  class space    used 12116K, committed 12480K, reserved 1048576K
}
Event: 64.933 GC heap after
{Heap after GC invocations=37 (full 0):
 garbage-first heap   total 116736K, used 44226K [0x0000000705400000, 0x0000000800000000)
  region size 2048K, 1 young (2048K), 1 survivors (2048K)
 Metaspace       used 91024K, committed 91776K, reserved 1179648K
  class space    used 12116K, committed 12480K, reserved 1048576K
}
Event: 66.242 GC heap before
{Heap before GC invocations=37 (full 0):
 garbage-first heap   total 116736K, used 99522K [0x0000000705400000, 0x0000000800000000)
  region size 2048K, 28 young (57344K), 1 survivors (2048K)
 Metaspace       used 91035K, committed 91840K, reserved 1179648K
  class space    used 12116K, committed 12480K, reserved 1048576K
}
Event: 66.243 GC heap after
{Heap after GC invocations=38 (full 0):
 garbage-first heap   total 116736K, used 44192K [0x0000000705400000, 0x0000000800000000)
  region size 2048K, 1 young (2048K), 1 survivors (2048K)
 Metaspace       used 91035K, committed 91840K, reserved 1179648K
  class space    used 12116K, committed 12480K, reserved 1048576K
}
Event: 67.695 GC heap before
{Heap before GC invocations=38 (full 0):
 garbage-first heap   total 116736K, used 99488K [0x0000000705400000, 0x0000000800000000)
  region size 2048K, 28 young (57344K), 1 survivors (2048K)
 Metaspace       used 91035K, committed 91840K, reserved 1179648K
  class space    used 12116K, committed 12480K, reserved 1048576K
}
Event: 67.696 GC heap after
{Heap after GC invocations=39 (full 0):
 garbage-first heap   total 116736K, used 44218K [0x0000000705400000, 0x0000000800000000)
  region size 2048K, 1 young (2048K), 1 survivors (2048K)
 Metaspace       used 91035K, committed 91840K, reserved 1179648K
  class space    used 12116K, committed 12480K, reserved 1048576K
}
Event: 69.023 GC heap before
{Heap before GC invocations=39 (full 0):
 garbage-first heap   total 116736K, used 99514K [0x0000000705400000, 0x0000000800000000)
  region size 2048K, 28 young (57344K), 1 survivors (2048K)
 Metaspace       used 91059K, committed 91840K, reserved 1179648K
  class space    used 12116K, committed 12480K, reserved 1048576K
}
Event: 69.024 GC heap after
{Heap after GC invocations=40 (full 0):
 garbage-first heap   total 116736K, used 44191K [0x0000000705400000, 0x0000000800000000)
  region size 2048K, 1 young (2048K), 1 survivors (2048K)
 Metaspace       used 91059K, committed 91840K, reserved 1179648K
  class space    used 12116K, committed 12480K, reserved 1048576K
}
Event: 70.329 GC heap before
{Heap before GC invocations=40 (full 0):
 garbage-first heap   total 116736K, used 99487K [0x0000000705400000, 0x0000000800000000)
  region size 2048K, 28 young (57344K), 1 survivors (2048K)
 Metaspace       used 91059K, committed 91840K, reserved 1179648K
  class space    used 12116K, committed 12480K, reserved 1048576K
}
Event: 70.330 GC heap after
{Heap after GC invocations=41 (full 0):
 garbage-first heap   total 116736K, used 44285K [0x0000000705400000, 0x0000000800000000)
  region size 2048K, 1 young (2048K), 1 survivors (2048K)
 Metaspace       used 91059K, committed 91840K, reserved 1179648K
  class space    used 12116K, committed 12480K, reserved 1048576K
}
Event: 71.813 GC heap before
{Heap before GC invocations=41 (full 0):
 garbage-first heap   total 116736K, used 99581K [0x0000000705400000, 0x0000000800000000)
  region size 2048K, 28 young (57344K), 1 survivors (2048K)
 Metaspace       used 91074K, committed 91840K, reserved 1179648K
  class space    used 12116K, committed 12480K, reserved 1048576K
}
Event: 71.814 GC heap after
{Heap after GC invocations=42 (full 0):
 garbage-first heap   total 116736K, used 44235K [0x0000000705400000, 0x0000000800000000)
  region size 2048K, 1 young (2048K), 1 survivors (2048K)
 Metaspace       used 91074K, committed 91840K, reserved 1179648K
  class space    used 12116K, committed 12480K, reserved 1048576K
}
Event: 73.227 GC heap before
{Heap before GC invocations=42 (full 0):
 garbage-first heap   total 116736K, used 99531K [0x0000000705400000, 0x0000000800000000)
  region size 2048K, 28 young (57344K), 1 survivors (2048K)
 Metaspace       used 91077K, committed 91840K, reserved 1179648K
  class space    used 12116K, committed 12480K, reserved 1048576K
}
Event: 73.228 GC heap after
{Heap after GC invocations=43 (full 0):
 garbage-first heap   total 116736K, used 44209K [0x0000000705400000, 0x0000000800000000)
  region size 2048K, 1 young (2048K), 1 survivors (2048K)
 Metaspace       used 91077K, committed 91840K, reserved 1179648K
  class space    used 12116K, committed 12480K, reserved 1048576K
}
Event: 74.554 GC heap before
{Heap before GC invocations=43 (full 0):
 garbage-first heap   total 116736K, used 99505K [0x0000000705400000, 0x0000000800000000)
  region size 2048K, 28 young (57344K), 1 survivors (2048K)
 Metaspace       used 91082K, committed 91840K, reserved 1179648K
  class space    used 12116K, committed 12480K, reserved 1048576K
}
Event: 74.555 GC heap after
{Heap after GC invocations=44 (full 0):
 garbage-first heap   total 116736K, used 44214K [0x0000000705400000, 0x0000000800000000)
  region size 2048K, 1 young (2048K), 1 survivors (2048K)
 Metaspace       used 91082K, committed 91840K, reserved 1179648K
  class space    used 12116K, committed 12480K, reserved 1048576K
}
Event: 76.149 GC heap before
{Heap before GC invocations=44 (full 0):
 garbage-first heap   total 116736K, used 99510K [0x0000000705400000, 0x0000000800000000)
  region size 2048K, 28 young (57344K), 1 survivors (2048K)
 Metaspace       used 91093K, committed 91904K, reserved 1179648K
  class space    used 12116K, committed 12480K, reserved 1048576K
}
Event: 76.150 GC heap after
{Heap after GC invocations=45 (full 0):
 garbage-first heap   total 116736K, used 44246K [0x0000000705400000, 0x0000000800000000)
  region size 2048K, 1 young (2048K), 1 survivors (2048K)
 Metaspace       used 91093K, committed 91904K, reserved 1179648K
  class space    used 12116K, committed 12480K, reserved 1048576K
}

Deoptimization events (20 events):
Event: 77.933 Thread 0x000002c3dffd97a0 Uncommon trap: trap_request=0xffffff45 fr.pc=0x000002c388286094 relative=0x00000000000001f4
Event: 77.933 Thread 0x000002c3dffd97a0 Uncommon trap: reason=unstable_if action=reinterpret pc=0x000002c388286094 method=io.micrometer.core.instrument.distribution.TimeWindowMax.rotate()V @ 23 c2
Event: 77.933 Thread 0x000002c3dffd97a0 DEOPT PACKING pc=0x000002c388286094 sp=0x000000fbc26fc2d0
Event: 77.933 Thread 0x000002c3dffd97a0 DEOPT UNPACKING pc=0x000002c3875823a3 sp=0x000000fbc26fc168 mode 2
Event: 77.934 Thread 0x000002c3dffd97a0 Uncommon trap: trap_request=0xffffff45 fr.pc=0x000002c387b3d0fc relative=0x000000000000015c
Event: 77.934 Thread 0x000002c3dffd97a0 Uncommon trap: reason=unstable_if action=reinterpret pc=0x000002c387b3d0fc method=io.micrometer.core.instrument.distribution.TimeWindowMax.rotate()V @ 23 c2
Event: 77.934 Thread 0x000002c3dffd97a0 DEOPT PACKING pc=0x000002c387b3d0fc sp=0x000000fbc26fdaf0
Event: 77.934 Thread 0x000002c3dffd97a0 DEOPT UNPACKING pc=0x000002c3875823a3 sp=0x000000fbc26fd9f8 mode 2
Event: 95.326 Thread 0x000002c3dbd0f770 Uncommon trap: trap_request=0xffffff45 fr.pc=0x000002c388227fe8 relative=0x0000000000000728
Event: 95.326 Thread 0x000002c3dbd0f770 Uncommon trap: reason=unstable_if action=reinterpret pc=0x000002c388227fe8 method=java.lang.ThreadLocal.set(Ljava/lang/Object;)V @ 11 c2
Event: 95.326 Thread 0x000002c3dbd0f770 DEOPT PACKING pc=0x000002c388227fe8 sp=0x000000fbbeaff370
Event: 95.326 Thread 0x000002c3dbd0f770 DEOPT UNPACKING pc=0x000002c3875823a3 sp=0x000000fbbeaff350 mode 2
Event: 100.357 Thread 0x000002c3dbd12a10 Uncommon trap: trap_request=0xffffffcc fr.pc=0x000002c388567c0c relative=0x0000000000000aec
Event: 100.357 Thread 0x000002c3dbd12a10 Uncommon trap: reason=intrinsic_or_type_checked_inlining action=make_not_entrant pc=0x000002c388567c0c method=java.util.stream.SpinedBuffer.copyInto([Ljava/lang/Object;I)V @ 87 c2
Event: 100.357 Thread 0x000002c3dbd12a10 DEOPT PACKING pc=0x000002c388567c0c sp=0x000000fbc11fd3c0
Event: 100.357 Thread 0x000002c3dbd12a10 DEOPT UNPACKING pc=0x000002c3875823a3 sp=0x000000fbc11fd1b8 mode 2
Event: 103.625 Thread 0x000002c3dffd6a10 Uncommon trap: trap_request=0xffffff45 fr.pc=0x000002c3884774d4 relative=0x0000000000001134
Event: 103.625 Thread 0x000002c3dffd6a10 Uncommon trap: reason=unstable_if action=reinterpret pc=0x000002c3884774d4 method=org.apache.coyote.AbstractProtocol$ConnectionHandler.process(Lorg/apache/tomcat/util/net/SocketWrapperBase;Lorg/apache/tomcat/util/net/SocketEvent;)Lorg/apache/tomcat/util/n
Event: 103.625 Thread 0x000002c3dffd6a10 DEOPT PACKING pc=0x000002c3884774d4 sp=0x000000fbc20fef00
Event: 103.625 Thread 0x000002c3dffd6a10 DEOPT UNPACKING pc=0x000002c3875823a3 sp=0x000000fbc20feea0 mode 2

Classes unloaded (0 events):
No events

Classes redefined (0 events):
No events

Internal exceptions (20 events):
Event: 100.355 Thread 0x000002c3dbd12a10 Exception <a 'java/lang/ClassNotFoundException'{0x0000000709feb188}: org/springframework/boot/actuate/endpoint/jmx/DataEndpointMBean> (0x0000000709feb188) 
thrown [s\open\src\hotspot\share\classfile\systemDictionary.cpp, line 256]
Event: 100.355 Thread 0x000002c3dbd12a10 Exception <a 'java/lang/ClassNotFoundException'{0x0000000709feb528}: org/springframework/context/support/LiveBeansView> (0x0000000709feb528) 
thrown [s\open\src\hotspot\share\classfile\systemDictionary.cpp, line 256]
Event: 100.355 Thread 0x000002c3dbd12a10 Exception <a 'java/lang/ClassNotFoundException'{0x0000000709feb8e8}: org/springframework/boot/actuate/endpoint/jmx/EndpointMBean> (0x0000000709feb8e8) 
thrown [s\open\src\hotspot\share\classfile\systemDictionary.cpp, line 256]
Event: 100.355 Thread 0x000002c3dbd12a10 Exception <a 'java/lang/ClassNotFoundException'{0x0000000709febca8}: org/springframework/boot/actuate/endpoint/jmx/DataEndpointMBean> (0x0000000709febca8) 
thrown [s\open\src\hotspot\share\classfile\systemDictionary.cpp, line 256]
Event: 100.355 Thread 0x000002c3dbd12a10 Exception <a 'java/lang/ClassNotFoundException'{0x0000000709fec060}: org/springframework/context/support/LiveBeansView> (0x0000000709fec060) 
thrown [s\open\src\hotspot\share\classfile\systemDictionary.cpp, line 256]
Event: 100.355 Thread 0x000002c3dbd12a10 Exception <a 'java/lang/ClassNotFoundException'{0x0000000709fec410}: org/springframework/boot/actuate/endpoint/jmx/EndpointMBean> (0x0000000709fec410) 
thrown [s\open\src\hotspot\share\classfile\systemDictionary.cpp, line 256]
Event: 100.355 Thread 0x000002c3dbd12a10 Exception <a 'java/lang/ClassNotFoundException'{0x0000000709fec7c0}: org/springframework/boot/actuate/endpoint/jmx/DataEndpointMBean> (0x0000000709fec7c0) 
thrown [s\open\src\hotspot\share\classfile\systemDictionary.cpp, line 256]
Event: 100.355 Thread 0x000002c3dbd12a10 Exception <a 'java/lang/ClassNotFoundException'{0x0000000709fecb68}: org/springframework/context/support/LiveBeansView> (0x0000000709fecb68) 
thrown [s\open\src\hotspot\share\classfile\systemDictionary.cpp, line 256]
Event: 100.357 Thread 0x000002c3dbd12a10 Exception <a 'java/lang/ClassNotFoundException'{0x0000000709c3a908}: org/springframework/boot/actuate/endpoint/jmx/EndpointMBean> (0x0000000709c3a908) 
thrown [s\open\src\hotspot\share\classfile\systemDictionary.cpp, line 256]
Event: 100.358 Thread 0x000002c3dbd12a10 Exception <a 'java/lang/ClassNotFoundException'{0x0000000709c851f0}: org/springframework/boot/actuate/endpoint/jmx/DataEndpointMBean> (0x0000000709c851f0) 
thrown [s\open\src\hotspot\share\classfile\systemDictionary.cpp, line 256]
Event: 100.358 Thread 0x000002c3dbd12a10 Exception <a 'java/lang/ClassNotFoundException'{0x0000000709ccf790}: org/springframework/context/support/LiveBeansView> (0x0000000709ccf790) 
thrown [s\open\src\hotspot\share\classfile\systemDictionary.cpp, line 256]
Event: 100.358 Thread 0x000002c3dbd12a10 Exception <a 'java/lang/ClassNotFoundException'{0x0000000709cd30c8}: org/springframework/boot/actuate/endpoint/jmx/EndpointMBean> (0x0000000709cd30c8) 
thrown [s\open\src\hotspot\share\classfile\systemDictionary.cpp, line 256]
Event: 100.358 Thread 0x000002c3dbd12a10 Exception <a 'java/lang/ClassNotFoundException'{0x0000000709cd3498}: org/springframework/boot/actuate/endpoint/jmx/DataEndpointMBean> (0x0000000709cd3498) 
thrown [s\open\src\hotspot\share\classfile\systemDictionary.cpp, line 256]
Event: 100.358 Thread 0x000002c3dbd12a10 Exception <a 'java/lang/ClassNotFoundException'{0x0000000709cd3860}: org/springframework/context/support/LiveBeansView> (0x0000000709cd3860) 
thrown [s\open\src\hotspot\share\classfile\systemDictionary.cpp, line 256]
Event: 100.358 Thread 0x000002c3dbd12a10 Exception <a 'java/lang/ClassNotFoundException'{0x0000000709cd3c18}: org/springframework/boot/actuate/endpoint/jmx/EndpointMBean> (0x0000000709cd3c18) 
thrown [s\open\src\hotspot\share\classfile\systemDictionary.cpp, line 256]
Event: 100.358 Thread 0x000002c3dbd12a10 Exception <a 'java/lang/ClassNotFoundException'{0x0000000709cd3fd0}: org/springframework/boot/actuate/endpoint/jmx/DataEndpointMBean> (0x0000000709cd3fd0) 
thrown [s\open\src\hotspot\share\classfile\systemDictionary.cpp, line 256]
Event: 100.359 Thread 0x000002c3dbd12a10 Exception <a 'java/lang/ClassNotFoundException'{0x0000000709cd4380}: org/springframework/context/support/LiveBeansView> (0x0000000709cd4380) 
thrown [s\open\src\hotspot\share\classfile\systemDictionary.cpp, line 256]
Event: 100.359 Thread 0x000002c3dbd12a10 Exception <a 'java/lang/ClassNotFoundException'{0x0000000709cd4738}: org/springframework/boot/actuate/endpoint/jmx/EndpointMBean> (0x0000000709cd4738) 
thrown [s\open\src\hotspot\share\classfile\systemDictionary.cpp, line 256]
Event: 100.359 Thread 0x000002c3dbd12a10 Exception <a 'java/lang/ClassNotFoundException'{0x0000000709cd4af0}: org/springframework/boot/actuate/endpoint/jmx/DataEndpointMBean> (0x0000000709cd4af0) 
thrown [s\open\src\hotspot\share\classfile\systemDictionary.cpp, line 256]
Event: 100.359 Thread 0x000002c3dbd12a10 Exception <a 'java/lang/ClassNotFoundException'{0x0000000709cd4ea0}: org/springframework/context/support/LiveBeansView> (0x0000000709cd4ea0) 
thrown [s\open\src\hotspot\share\classfile\systemDictionary.cpp, line 256]

VM Operations (20 events):
Event: 74.554 Executing VM operation: G1CollectForAllocation
Event: 74.555 Executing VM operation: G1CollectForAllocation done
Event: 75.558 Executing VM operation: Cleanup
Event: 75.558 Executing VM operation: Cleanup done
Event: 76.149 Executing VM operation: G1CollectForAllocation
Event: 76.150 Executing VM operation: G1CollectForAllocation done
Event: 77.155 Executing VM operation: Cleanup
Event: 77.155 Executing VM operation: Cleanup done
Event: 78.163 Executing VM operation: Cleanup
Event: 78.163 Executing VM operation: Cleanup done
Event: 81.193 Executing VM operation: Cleanup
Event: 81.193 Executing VM operation: Cleanup done
Event: 86.237 Executing VM operation: Cleanup
Event: 86.237 Executing VM operation: Cleanup done
Event: 87.241 Executing VM operation: Cleanup
Event: 87.241 Executing VM operation: Cleanup done
Event: 91.276 Executing VM operation: Cleanup
Event: 91.276 Executing VM operation: Cleanup done
Event: 101.337 Executing VM operation: Cleanup
Event: 101.337 Executing VM operation: Cleanup done

Events (20 events):
Event: 67.421 Thread 0x000002c395f6a6b0 Thread added: 0x000002c395f6a6b0
Event: 67.421 Thread 0x000002c3dfc79020 Thread added: 0x000002c3dfc79020
Event: 67.773 Thread 0x000002c3dfc79020 Thread exited: 0x000002c3dfc79020
Event: 68.482 Thread 0x000002c395f6a6b0 Thread exited: 0x000002c395f6a6b0
Event: 69.828 Thread 0x000002c395f6a6b0 Thread added: 0x000002c395f6a6b0
Event: 69.829 Thread 0x000002c3dfc79020 Thread added: 0x000002c3dfc79020
Event: 70.327 Thread 0x000002c3dfc79020 Thread exited: 0x000002c3dfc79020
Event: 70.327 Thread 0x000002c395f6a6b0 Thread exited: 0x000002c395f6a6b0
Event: 72.498 Thread 0x000002c395f6a6b0 Thread added: 0x000002c395f6a6b0
Event: 72.498 Thread 0x000002c3dfc79020 Thread added: 0x000002c3dfc79020
Event: 73.477 Thread 0x000002c3dfc79020 Thread exited: 0x000002c3dfc79020
Event: 73.477 Thread 0x000002c395f6a6b0 Thread exited: 0x000002c395f6a6b0
Event: 74.936 Thread 0x000002c395f6a6b0 Thread added: 0x000002c395f6a6b0
Event: 74.937 Thread 0x000002c3dfc79020 Thread added: 0x000002c3dfc79020
Event: 75.254 Thread 0x000002c3dfc79020 Thread exited: 0x000002c3dfc79020
Event: 75.336 Thread 0x000002c395f6a6b0 Thread exited: 0x000002c395f6a6b0
Event: 90.543 Thread 0x000002c3dbd86190 Thread exited: 0x000002c3dbd86190
Event: 95.326 Thread 0x000002c3dbd0f770 Thread added: 0x000002c3dbd0f770
Event: 100.039 Thread 0x000002c3dfc79020 Thread added: 0x000002c3dfc79020
Event: 100.325 Thread 0x000002c3dfc79020 Thread exited: 0x000002c3dfc79020


Dynamic libraries:
0x00007ff729dc0000 - 0x00007ff729dd0000 	C:\Program Files\Java\jdk-17\bin\java.exe
0x00007ffdd22c0000 - 0x00007ffdd2523000 	C:\WINDOWS\SYSTEM32\ntdll.dll
0x00007ffdd1bd0000 - 0x00007ffdd1c97000 	C:\WINDOWS\System32\KERNEL32.DLL
0x00007ffdcf6b0000 - 0x00007ffdcfa79000 	C:\WINDOWS\System32\KERNELBASE.dll
0x00007ffdcfc70000 - 0x00007ffdcfdbc000 	C:\WINDOWS\System32\ucrtbase.dll
0x00007ffdc6720000 - 0x00007ffdc6739000 	C:\Program Files\Java\jdk-17\bin\jli.dll
0x00007ffdd0900000 - 0x00007ffdd09b2000 	C:\WINDOWS\System32\ADVAPI32.dll
0x00007ffdd0810000 - 0x00007ffdd08b9000 	C:\WINDOWS\System32\msvcrt.dll
0x00007ffdc6700000 - 0x00007ffdc671b000 	C:\Program Files\Java\jdk-17\bin\VCRUNTIME140.dll
0x00007ffdd1d40000 - 0x00007ffdd1de6000 	C:\WINDOWS\System32\sechost.dll
0x00007ffdd14d0000 - 0x00007ffdd15e6000 	C:\WINDOWS\System32\RPCRT4.dll
0x00007ffdd1f00000 - 0x00007ffdd20ca000 	C:\WINDOWS\System32\USER32.dll
0x00007ffdd00b0000 - 0x00007ffdd00d7000 	C:\WINDOWS\System32\win32u.dll
0x00007ffdd20d0000 - 0x00007ffdd20fa000 	C:\WINDOWS\System32\GDI32.dll
0x00007ffdb6d40000 - 0x00007ffdb6fd0000 	C:\WINDOWS\WinSxS\amd64_microsoft.windows.common-controls_6595b64144ccf1df_6.0.26100.3323_none_3e088096e3344490\COMCTL32.dll
0x00007ffdcfb30000 - 0x00007ffdcfc61000 	C:\WINDOWS\System32\gdi32full.dll
0x00007ffdcfa80000 - 0x00007ffdcfb23000 	C:\WINDOWS\System32\msvcp_win.dll
0x00007ffdb9150000 - 0x00007ffdb915b000 	C:\WINDOWS\SYSTEM32\VERSION.dll
0x00007ffdd08c0000 - 0x00007ffdd08ef000 	C:\WINDOWS\System32\IMM32.DLL
0x00007ffdc68a0000 - 0x00007ffdc68ac000 	C:\Program Files\Java\jdk-17\bin\vcruntime140_1.dll
0x00007ffd86cd0000 - 0x00007ffd86d5e000 	C:\Program Files\Java\jdk-17\bin\msvcp140.dll
0x00007ffd03bf0000 - 0x00007ffd047d0000 	C:\Program Files\Java\jdk-17\bin\server\jvm.dll
0x00007ffdd2100000 - 0x00007ffdd2108000 	C:\WINDOWS\System32\PSAPI.DLL
0x00007ffdc5310000 - 0x00007ffdc5346000 	C:\WINDOWS\SYSTEM32\WINMM.dll
0x00007ffdac280000 - 0x00007ffdac28a000 	C:\WINDOWS\SYSTEM32\WSOCK32.dll
0x00007ffdd1e80000 - 0x00007ffdd1ef4000 	C:\WINDOWS\System32\WS2_32.dll
0x00007ffdce2a0000 - 0x00007ffdce2ba000 	C:\WINDOWS\SYSTEM32\kernel.appcore.dll
0x00007ffdc66f0000 - 0x00007ffdc66fa000 	C:\Program Files\Java\jdk-17\bin\jimage.dll
0x00007ffdcc9e0000 - 0x00007ffdccc21000 	C:\WINDOWS\SYSTEM32\DBGHELP.DLL
0x00007ffdd1750000 - 0x00007ffdd1ad2000 	C:\WINDOWS\System32\combase.dll
0x00007ffdd21a0000 - 0x00007ffdd2276000 	C:\WINDOWS\System32\OLEAUT32.dll
0x00007ffdb6d00000 - 0x00007ffdb6d39000 	C:\WINDOWS\SYSTEM32\dbgcore.DLL
0x00007ffdcf610000 - 0x00007ffdcf6a9000 	C:\WINDOWS\System32\bcryptPrimitives.dll
0x00007ffd7e410000 - 0x00007ffd7e435000 	C:\Program Files\Java\jdk-17\bin\java.dll
0x00007ffd74600000 - 0x00007ffd746d7000 	C:\Program Files\Java\jdk-17\bin\jsvml.dll
0x00007ffdd00f0000 - 0x00007ffdd0805000 	C:\WINDOWS\System32\SHELL32.dll
0x00007ffdcfdc0000 - 0x00007ffdcff28000 	C:\WINDOWS\System32\wintypes.dll
0x00007ffdccf50000 - 0x00007ffdcd795000 	C:\WINDOWS\SYSTEM32\windows.storage.dll
0x00007ffdd1ae0000 - 0x00007ffdd1bcb000 	C:\WINDOWS\System32\SHCORE.dll
0x00007ffdd09c0000 - 0x00007ffdd0a1d000 	C:\WINDOWS\System32\shlwapi.dll
0x00007ffdcf3d0000 - 0x00007ffdcf3ff000 	C:\WINDOWS\SYSTEM32\profapi.dll
0x00007ffdc66d0000 - 0x00007ffdc66e9000 	C:\Program Files\Java\jdk-17\bin\net.dll
0x00007ffdcae30000 - 0x00007ffdcaf4e000 	C:\WINDOWS\SYSTEM32\WINHTTP.dll
0x00007ffdce7a0000 - 0x00007ffdce80a000 	C:\WINDOWS\system32\mswsock.dll
0x00007ffd7d880000 - 0x00007ffd7d896000 	C:\Program Files\Java\jdk-17\bin\nio.dll
0x00007ffd7d350000 - 0x00007ffd7d368000 	C:\Program Files\Java\jdk-17\bin\zip.dll
0x00007ffd9c560000 - 0x00007ffd9c56a000 	C:\Program Files\Java\jdk-17\bin\management.dll
0x00007ffd99ac0000 - 0x00007ffd99acb000 	C:\Program Files\Java\jdk-17\bin\management_ext.dll
0x00007ffda9e80000 - 0x00007ffda9e98000 	C:\WINDOWS\system32\napinsp.dll
0x00007ffdcdaf0000 - 0x00007ffdcdc15000 	C:\WINDOWS\SYSTEM32\DNSAPI.dll
0x00007ffdcdab0000 - 0x00007ffdcdae3000 	C:\WINDOWS\SYSTEM32\IPHLPAPI.DLL
0x00007ffdd0e30000 - 0x00007ffdd0e3a000 	C:\WINDOWS\System32\NSI.dll
0x00007ffda9d60000 - 0x00007ffda9d72000 	C:\WINDOWS\System32\winrnr.dll
0x00007ffda9d00000 - 0x00007ffda9d22000 	C:\WINDOWS\system32\nlansp_c.dll
0x00007ffda9ce0000 - 0x00007ffda9cf6000 	C:\WINDOWS\system32\wshbth.dll
0x00007ffdc85e0000 - 0x00007ffdc85eb000 	C:\Windows\System32\rasadhlp.dll
0x00007ffdcb2f0000 - 0x00007ffdcb375000 	C:\WINDOWS\System32\fwpuclnt.dll
0x00007ffdceb50000 - 0x00007ffdceb6c000 	C:\WINDOWS\SYSTEM32\CRYPTSP.dll
0x00007ffdce200000 - 0x00007ffdce23a000 	C:\WINDOWS\system32\rsaenh.dll
0x00007ffdce840000 - 0x00007ffdce86b000 	C:\WINDOWS\SYSTEM32\USERENV.dll
0x00007ffdcece0000 - 0x00007ffdced06000 	C:\WINDOWS\SYSTEM32\bcrypt.dll
0x00007ffdce9d0000 - 0x00007ffdce9dc000 	C:\WINDOWS\SYSTEM32\CRYPTBASE.dll
0x00007ffdcb0e0000 - 0x00007ffdcb0ff000 	C:\WINDOWS\SYSTEM32\dhcpcsvc6.DLL
0x00007ffdcaf80000 - 0x00007ffdcafa5000 	C:\WINDOWS\SYSTEM32\dhcpcsvc.DLL
0x00007ffd988f0000 - 0x00007ffd988fe000 	C:\Program Files\Java\jdk-17\bin\sunmscapi.dll
0x00007ffdcff30000 - 0x00007ffdd00a7000 	C:\WINDOWS\System32\CRYPT32.dll
0x00007ffdceca0000 - 0x00007ffdcecd0000 	C:\WINDOWS\SYSTEM32\ncrypt.dll
0x00007ffdcec50000 - 0x00007ffdcec8f000 	C:\WINDOWS\SYSTEM32\NTASN1.dll
0x00007ffd993f0000 - 0x00007ffd99400000 	C:\Program Files\Java\jdk-17\bin\verify.dll
0x00007ffdab470000 - 0x00007ffdab478000 	C:\WINDOWS\system32\wshunix.dll

dbghelp: loaded successfully - version: 4.0.5 - missing functions: none
symbol engine: initialized successfully - sym options: 0x614 - pdb path: .;C:\Program Files\Java\jdk-17\bin;C:\WINDOWS\SYSTEM32;C:\WINDOWS\WinSxS\amd64_microsoft.windows.common-controls_6595b64144ccf1df_6.0.26100.3323_none_3e088096e3344490;C:\Program Files\Java\jdk-17\bin\server

VM Arguments:
jvm_args: -Dcom.sun.management.jmxremote -Dcom.sun.management.jmxremote.port=55907 -Dcom.sun.management.jmxremote.authenticate=false -Dcom.sun.management.jmxremote.ssl=false -Dspring.jmx.enabled=true -Djava.rmi.server.hostname=localhost -Dspring.application.admin.enabled=true -Dspring.boot.project.name=preoperational -XX:+ShowCodeDetailsInExceptionMessages -Dmanagement.endpoints.jmx.exposure.include=* 
java_command: com.frimac.preoperational.PreoperationalApplication
java_class_path (initial): D:\USRZFAUXFLOTPRO\Proyectos dev\Preoperacional\preoperational\target\classes;C:\Users\edwin.hernandez\.m2\repository\org\springframework\boot\spring-boot-starter-actuator\3.4.3\spring-boot-starter-actuator-3.4.3.jar;C:\Users\edwin.hernandez\.m2\repository\org\springframework\boot\spring-boot-starter\3.4.3\spring-boot-starter-3.4.3.jar;C:\Users\edwin.hernandez\.m2\repository\org\springframework\boot\spring-boot-starter-logging\3.4.3\spring-boot-starter-logging-3.4.3.jar;C:\Users\edwin.hernandez\.m2\repository\ch\qos\logback\logback-classic\1.5.16\logback-classic-1.5.16.jar;C:\Users\edwin.hernandez\.m2\repository\ch\qos\logback\logback-core\1.5.16\logback-core-1.5.16.jar;C:\Users\edwin.hernandez\.m2\repository\org\apache\logging\log4j\log4j-to-slf4j\2.24.3\log4j-to-slf4j-2.24.3.jar;C:\Users\edwin.hernandez\.m2\repository\org\apache\logging\log4j\log4j-api\2.24.3\log4j-api-2.24.3.jar;C:\Users\edwin.hernandez\.m2\repository\org\slf4j\jul-to-slf4j\2.0.16\jul-to-slf4j-2.0.16.jar;C:\Users\edwin.hernandez\.m2\repository\jakarta\annotation\jakarta.annotation-api\2.1.1\jakarta.annotation-api-2.1.1.jar;C:\Users\edwin.hernandez\.m2\repository\org\yaml\snakeyaml\2.3\snakeyaml-2.3.jar;C:\Users\edwin.hernandez\.m2\repository\org\springframework\boot\spring-boot-actuator-autoconfigure\3.4.3\spring-boot-actuator-autoconfigure-3.4.3.jar;C:\Users\edwin.hernandez\.m2\repository\org\springframework\boot\spring-boot-actuator\3.4.3\spring-boot-actuator-3.4.3.jar;C:\Users\edwin.hernandez\.m2\repository\com\fasterxml\jackson\datatype\jackson-datatype-jsr310\2.18.2\jackson-datatype-jsr310-2.18.2.jar;C:\Users\edwin.hernandez\.m2\repository\io\micrometer\micrometer-observation\1.14.4\micrometer-observation-1.14.4.jar;C:\Users\edwin.hernandez\.m2\repository\io\micrometer\micrometer-commons\1.14.4\micrometer-commons-1.14.4.jar;C:\Users\edwin.hernandez\.m2\repository\io\micrometer\micrometer-jakarta9\1.14.4\micrometer-jakarta9-1.14.4.jar;C:\Users\edwin.hernandez\.m2\
Launcher Type: SUN_STANDARD

[Global flags]
     intx CICompilerCount                          = 4                                         {product} {ergonomic}
     uint ConcGCThreads                            = 3                                         {product} {ergonomic}
     uint G1ConcRefinementThreads                  = 10                                        {product} {ergonomic}
   size_t G1HeapRegionSize                         = 2097152                                   {product} {ergonomic}
    uintx GCDrainStackTargetSize                   = 64                                        {product} {ergonomic}
   size_t InitialHeapSize                          = 264241152                                 {product} {ergonomic}
     bool ManagementServer                         = true                                      {product} {command line}
   size_t MarkStackSize                            = 4194304                                   {product} {ergonomic}
   size_t MaxHeapSize                              = 4206886912                                {product} {ergonomic}
   size_t MaxNewSize                               = 2522873856                                {product} {ergonomic}
   size_t MinHeapDeltaBytes                        = 2097152                                   {product} {ergonomic}
   size_t MinHeapSize                              = 8388608                                   {product} {ergonomic}
    uintx NonNMethodCodeHeapSize                   = 5839372                                {pd product} {ergonomic}
    uintx NonProfiledCodeHeapSize                  = 122909434                              {pd product} {ergonomic}
    uintx ProfiledCodeHeapSize                     = 122909434                              {pd product} {ergonomic}
    uintx ReservedCodeCacheSize                    = 251658240                              {pd product} {ergonomic}
     bool SegmentedCodeCache                       = true                                      {product} {ergonomic}
     bool ShowCodeDetailsInExceptionMessages       = true                                   {manageable} {command line}
   size_t SoftMaxHeapSize                          = 4206886912                             {manageable} {ergonomic}
     bool UseCompressedClassPointers               = true                           {product lp64_product} {ergonomic}
     bool UseCompressedOops                        = true                           {product lp64_product} {ergonomic}
     bool UseG1GC                                  = true                                      {product} {ergonomic}
     bool UseLargePagesIndividualAllocation        = false                                  {pd product} {ergonomic}

Logging:
Log output configuration:
 #0: stdout all=warning uptime,level,tags
 #1: stderr all=off uptime,level,tags

Environment Variables:
PATH=C:\Program Files\Common Files\Oracle\Java\javapath;C:\WINDOWS\system32;C:\WINDOWS;C:\WINDOWS\System32\Wbem;C:\WINDOWS\System32\WindowsPowerShell\v1.0\;C:\WINDOWS\System32\OpenSSH\;C:\Program Files\Docker\Docker\resources\bin;C:\Program Files\nodejs\;C:\Users\edwin.hernandez\AppData\Local\Programs\Python\Python312\Scripts\;C:\Users\edwin.hernandez\AppData\Local\Programs\Python\Python312\;C:\Users\edwin.hernandez\AppData\Local\Programs\Python\Launcher\;C:\Users\edwin.hernandez\AppData\Local\Microsoft\WindowsApps;D:\Microsoft VS Code\bin;D:\Git\cmd;C:\Users\edwin.hernandez\AppData\Roaming\npm;C:\Users\edwin.hernandez\AppData\Local\Google\Cloud SDK\google-cloud-sdk\bin;
USERNAME=edwin.hernandez
LANG=es_ES.UTF-8
OS=Windows_NT
PROCESSOR_IDENTIFIER=Intel64 Family 6 Model 154 Stepping 3, GenuineIntel



---------------  S Y S T E M  ---------------

OS:
 Windows 11 , 64 bit Build 26100 (10.0.26100.3323)
OS uptime: 2 days 11:33 hours
Hyper-V role detected

CPU: total 12 (initial active 12) (6 cores per cpu, 2 threads per core) family 6 model 154 stepping 3 microcode 0x423, cx8, cmov, fxsr, ht, mmx, 3dnowpref, sse, sse2, sse3, ssse3, sse4.1, sse4.2, popcnt, lzcnt, tsc, tscinvbit, avx, avx2, aes, erms, clmul, bmi1, bmi2, adx, sha, fma, vzeroupper, clflush, clflushopt, clwb, hv

Memory: 4k page, system-wide physical 16042M (2485M free)
TotalPageFile size 46806M (AvailPageFile size 3M)
current process WorkingSet (physical memory assigned to process): 346M, peak: 371M
current process commit charge ("private bytes"): 385M, peak: 416M

vm_info: Java HotSpot(TM) 64-Bit Server VM (17.0.12+8-LTS-286) for windows-amd64 JRE (17.0.12+8-LTS-286), built on Jun  5 2024 06:46:59 by "mach5one" with MS VC++ 17.6 (VS2022)

END.
